五月 23, 2017 7:27:20 下午 org.apache.catalina.core.ApplicationContext log
信息: ContextListener: contextInitialized()
五月 23, 2017 7:27:20 下午 org.apache.catalina.core.ApplicationContext log
信息: SessionListener: contextInitialized()
五月 23, 2017 7:27:20 下午 org.apache.catalina.core.ApplicationContext log
信息: ContextListener: attributeAdded('org.apache.jasper.compiler.TldLocationsCache', 'org.apache.jasper.compiler.TldLocationsCache@5fb82834')
五月 23, 2017 7:27:21 下午 org.apache.catalina.core.ApplicationContext log
信息: SessionListener: contextDestroyed()
五月 23, 2017 7:27:21 下午 org.apache.catalina.core.ApplicationContext log
信息: ContextListener: contextDestroyed()
五月 23, 2017 7:27:45 下午 org.apache.catalina.core.ApplicationContext log
信息: ContextListener: contextInitialized()
五月 23, 2017 7:27:45 下午 org.apache.catalina.core.ApplicationContext log
信息: SessionListener: contextInitialized()
五月 23, 2017 7:27:45 下午 org.apache.catalina.core.ApplicationContext log
信息: ContextListener: attributeAdded('org.apache.jasper.compiler.TldLocationsCache', 'org.apache.jasper.compiler.TldLocationsCache@45d1865c')
五月 23, 2017 7:27:46 下午 org.apache.catalina.core.ApplicationContext log
信息: SessionListener: contextDestroyed()
五月 23, 2017 7:27:46 下午 org.apache.catalina.core.ApplicationContext log
信息: ContextListener: contextDestroyed()
